This file contains any messages produced by compilers while
running configure, to aid debugging if configure makes a mistake.

It was created by gc configure 7.0, which was
generated by GNU Autoconf 2.61.  Invocation command line was

  $ ./configure --enable-large-config --disable-shared

## --------- ##
## Platform. ##
## --------- ##

hostname = Nono
uname -m = x86_64
uname -r = 16.6.0
uname -s = Darwin
uname -v = Darwin Kernel Version 16.6.0: Fri Apr 14 16:21:16 PDT 2017; root:xnu-3789.60.24~6/RELEASE_X86_64

/usr/bin/uname -p = i386
/bin/uname -X     = unknown

/bin/arch              = unknown
/usr/bin/arch -k       = unknown
/usr/convex/getsysinfo = unknown
/usr/bin/hostinfo      = Mach kernel version:
	 Darwin Kernel Version 16.6.0: Fri Apr 14 16:21:16 PDT 2017; root:xnu-3789.60.24~6/RELEASE_X86_64
Kernel configured for up to 8 processors.
4 processors are physically available.
8 processors are logically available.
Processor type: x86_64h (Intel x86-64h Haswell)
Processors active: 0 1 2 3 4 5 6 7
Primary memory available: 16.00 gigabytes
Default processor set: 493 tasks, 3139 threads, 8 processors
Load average: 9.35, Mach factor: 1.17
/bin/machine           = unknown
/usr/bin/oslevel       = unknown
/bin/universe          = unknown

PATH: /Users/Chazu/.bashish/launcher
PATH: /usr/local/Cellar/bashish/2.2.4/share/bashish/lib
PATH: /Users/Chazu/.nodenv/shims
PATH: /Users/Chazu/.rbenv/shims
PATH: /Users/Chazu/.rbenv/bin
PATH: /usr/local/sbin
PATH: /usr/local
PATH: /usr/local/bin
PATH: //Users/Chazu/.cask/bin
PATH: /usr/local/bin
PATH: /usr/bin
PATH: /bin
PATH: /usr/sbin
PATH: /sbin
PATH: /opt/X11/bin
PATH: /Library/TeX/texbin
PATH: //Users/Chazu/.local/bin
PATH: /Users/Chazu/bin
PATH: /opt/ec2-api-tools-1.6.7.4/bin


## ----------- ##
## Core tests. ##
## ----------- ##

configure:2037: checking build system type
configure:2055: result: i386-apple-darwin16.6.0
configure:2077: checking host system type
configure:2092: result: i386-apple-darwin16.6.0
configure:2114: checking target system type
configure:2129: result: i386-apple-darwin16.6.0
configure:2160: checking GC version numbers
configure:2198: result: major=7 minor=0 
configure:2216: checking for a BSD-compatible install
configure:2272: result: /usr/local/bin/ginstall -c
configure:2283: checking whether build environment is sane
configure:2326: result: yes
configure:2391: checking for gawk
configure:2421: result: no
configure:2391: checking for mawk
configure:2421: result: no
configure:2391: checking for nawk
configure:2421: result: no
configure:2391: checking for awk
configure:2407: found /usr/bin/awk
configure:2418: result: awk
configure:2429: checking whether make sets $(MAKE)
configure:2450: result: yes
configure:2634: checking whether to enable maintainer-specific portions of Makefiles
configure:2643: result: no
configure:2674: checking for style of include used by make
configure:2702: result: GNU
configure:2775: checking for gcc
configure:2791: found /usr/bin/gcc
configure:2802: result: gcc
configure:3040: checking for C compiler version
configure:3047: gcc --version >&5
Configured with: --prefix=/Applications/Xcode.app/Contents/Developer/usr --with-gxx-include-dir=/Applications/Xcode.app/Contents/Developer/Platforms/MacOSX.platform/Developer/SDKs/MacOSX10.12.sdk/usr/include/c++/4.2.1
Apple LLVM version 8.1.0 (clang-802.0.42)
Target: x86_64-apple-darwin16.6.0
Thread model: posix
InstalledDir: /Applications/Xcode.app/Contents/Developer/Toolchains/XcodeDefault.xctoolchain/usr/bin
configure:3050: $? = 0
configure:3057: gcc -v >&5
Configured with: --prefix=/Applications/Xcode.app/Contents/Developer/usr --with-gxx-include-dir=/Applications/Xcode.app/Contents/Developer/Platforms/MacOSX.platform/Developer/SDKs/MacOSX10.12.sdk/usr/include/c++/4.2.1
Apple LLVM version 8.1.0 (clang-802.0.42)
Target: x86_64-apple-darwin16.6.0
Thread model: posix
InstalledDir: /Applications/Xcode.app/Contents/Developer/Toolchains/XcodeDefault.xctoolchain/usr/bin
configure:3060: $? = 0
configure:3067: gcc -V >&5
clang: error: argument to '-V' is missing (expected 1 value)
clang: error: no input files
configure:3070: $? = 1
configure:3093: checking for C compiler default output file name
configure:3120: gcc -arch i486   conftest.c  >&5
configure:3123: $? = 0
configure:3161: result: a.out
configure:3178: checking whether the C compiler works
configure:3188: ./a.out
configure:3191: $? = 0
configure:3208: result: yes
configure:3215: checking whether we are cross compiling
configure:3217: result: no
configure:3220: checking for suffix of executables
configure:3227: gcc -o conftest -arch i486   conftest.c  >&5
configure:3230: $? = 0
configure:3254: result: 
configure:3260: checking for suffix of object files
configure:3286: gcc -c -arch i486  conftest.c >&5
configure:3289: $? = 0
configure:3312: result: o
configure:3316: checking whether we are using the GNU C compiler
configure:3345: gcc -c -arch i486  conftest.c >&5
configure:3351: $? = 0
configure:3368: result: yes
configure:3373: checking whether gcc accepts -g
configure:3403: gcc -c -g  conftest.c >&5
configure:3409: $? = 0
configure:3508: result: yes
configure:3525: checking for gcc option to accept ISO C89
configure:3599: gcc  -c -arch i486  conftest.c >&5
configure:3605: $? = 0
configure:3628: result: none needed
configure:3648: checking dependency style of gcc
configure:3738: result: gcc3
configure:3756: checking whether gcc and cc understand -c and -o together
configure:3791: gcc -c conftest.c -o conftest2.o >&5
configure:3794: $? = 0
configure:3800: gcc -c conftest.c -o conftest2.o >&5
configure:3803: $? = 0
configure:3814: cc -c conftest.c >&5
configure:3817: $? = 0
configure:3825: cc -c conftest.c -o conftest2.o >&5
configure:3828: $? = 0
configure:3834: cc -c conftest.c -o conftest2.o >&5
configure:3837: $? = 0
configure:3855: result: yes
configure:3938: checking for g++
configure:3954: found /usr/bin/g++
configure:3965: result: g++
configure:3996: checking for C++ compiler version
configure:4003: g++ --version >&5
Configured with: --prefix=/Applications/Xcode.app/Contents/Developer/usr --with-gxx-include-dir=/Applications/Xcode.app/Contents/Developer/Platforms/MacOSX.platform/Developer/SDKs/MacOSX10.12.sdk/usr/include/c++/4.2.1
Apple LLVM version 8.1.0 (clang-802.0.42)
Target: x86_64-apple-darwin16.6.0
Thread model: posix
InstalledDir: /Applications/Xcode.app/Contents/Developer/Toolchains/XcodeDefault.xctoolchain/usr/bin
configure:4006: $? = 0
configure:4013: g++ -v >&5
Configured with: --prefix=/Applications/Xcode.app/Contents/Developer/usr --with-gxx-include-dir=/Applications/Xcode.app/Contents/Developer/Platforms/MacOSX.platform/Developer/SDKs/MacOSX10.12.sdk/usr/include/c++/4.2.1
Apple LLVM version 8.1.0 (clang-802.0.42)
Target: x86_64-apple-darwin16.6.0
Thread model: posix
InstalledDir: /Applications/Xcode.app/Contents/Developer/Toolchains/XcodeDefault.xctoolchain/usr/bin
configure:4016: $? = 0
configure:4023: g++ -V >&5
clang: error: argument to '-V' is missing (expected 1 value)
clang: error: no input files
configure:4026: $? = 1
configure:4029: checking whether we are using the GNU C++ compiler
configure:4058: g++ -c   conftest.cpp >&5
configure:4064: $? = 0
configure:4081: result: yes
configure:4086: checking whether g++ accepts -g
configure:4116: g++ -c -g  conftest.cpp >&5
configure:4122: $? = 0
configure:4221: result: yes
configure:4246: checking dependency style of g++
configure:4336: result: gcc3
configure:4405: checking for ar
configure:4421: found /usr/bin/ar
configure:4432: result: ar
configure:4501: checking for ranlib
configure:4517: found /usr/bin/ranlib
configure:4528: result: ranlib
configure:4568: checking for a BSD-compatible install
configure:4624: result: /usr/local/bin/ginstall -c
configure:4645: checking for thread model used by GCC
configure:4651: result: posix
configure:4871: WARNING: "Explict GC_INIT() calls may be required."
configure:5439: checking for x86_thread_state32_t.eax
configure:5469: gcc -c -arch i486  conftest.c >&5
conftest.c:21:13: error: no member named 'eax' in 'struct __darwin_i386_thread_state'
if (ac_aggr.eax)
    ~~~~~~~ ^
1 error generated.
configure:5475: $? = 1
configure: failed program was:
| /* confdefs.h.  */
| #define PACKAGE_NAME "gc"
| #define PACKAGE_TARNAME "gc"
| #define PACKAGE_VERSION "7.0"
| #define PACKAGE_STRING "gc 7.0"
| #define PACKAGE_BUGREPORT "Hans.Boehm@hp.com"
| #define GC_VERSION_MAJOR 7
| #define GC_VERSION_MINOR 0
| #define PACKAGE "gc"
| #define VERSION "7.0"
| #define GC_DARWIN_THREADS 1
| #define THREAD_LOCAL_ALLOC 1
| /* end confdefs.h.  */
| #include <sys/cdefs.h>
|       #include <mach/thread_status.h>
| 
| int
| main ()
| {
| static x86_thread_state32_t ac_aggr;
| if (ac_aggr.eax)
| return 0;
|   ;
|   return 0;
| }
configure:5510: gcc -c -arch i486  conftest.c >&5
conftest.c:21:20: error: no member named 'eax' in 'struct __darwin_i386_thread_state'
if (sizeof ac_aggr.eax)
           ~~~~~~~ ^
1 error generated.
configure:5516: $? = 1
configure: failed program was:
| /* confdefs.h.  */
| #define PACKAGE_NAME "gc"
| #define PACKAGE_TARNAME "gc"
| #define PACKAGE_VERSION "7.0"
| #define PACKAGE_STRING "gc 7.0"
| #define PACKAGE_BUGREPORT "Hans.Boehm@hp.com"
| #define GC_VERSION_MAJOR 7
| #define GC_VERSION_MINOR 0
| #define PACKAGE "gc"
| #define VERSION "7.0"
| #define GC_DARWIN_THREADS 1
| #define THREAD_LOCAL_ALLOC 1
| /* end confdefs.h.  */
| #include <sys/cdefs.h>
|       #include <mach/thread_status.h>
| 
| int
| main ()
| {
| static x86_thread_state32_t ac_aggr;
| if (sizeof ac_aggr.eax)
| return 0;
|   ;
|   return 0;
| }
configure:5534: result: no
configure:5544: checking for x86_thread_state32_t.__eax
configure:5574: gcc -c -arch i486  conftest.c >&5
configure:5580: $? = 0
configure:5639: result: yes
configure:5865: checking for xlc
configure:5892: gcc -c -arch i486  conftest.c >&5
conftest.c:21:4: error: 
 # error
   ^
1 error generated.
configure:5898: $? = 1
configure: failed program was:
| /* confdefs.h.  */
| #define PACKAGE_NAME "gc"
| #define PACKAGE_TARNAME "gc"
| #define PACKAGE_VERSION "7.0"
| #define PACKAGE_STRING "gc 7.0"
| #define PACKAGE_BUGREPORT "Hans.Boehm@hp.com"
| #define GC_VERSION_MAJOR 7
| #define GC_VERSION_MINOR 0
| #define PACKAGE "gc"
| #define VERSION "7.0"
| #define GC_DARWIN_THREADS 1
| #define THREAD_LOCAL_ALLOC 1
| #define HAS_X86_THREAD_STATE32___EAX 1
| /* end confdefs.h.  */
| 
| int
| main ()
| {
| 
|  #ifndef __xlC__
|  # error
|  #endif
| 
|   ;
|   return 0;
| }
configure:5912: result: no
configure:6061: checking whether to build shared libraries
configure:6095: result: yes
configure:6102: checking which machine-dependent code should be used
configure:6161: result: 
configure:6217: checking for a sed that does not truncate output
configure:6271: result: /usr/bin/sed
configure:6274: checking for grep that handles long lines and -e
configure:6348: result: /usr/bin/grep
configure:6353: checking for egrep
configure:6431: result: /usr/bin/grep -E
configure:6447: checking for ld used by gcc
configure:6514: result: /Applications/Xcode.app/Contents/Developer/Toolchains/XcodeDefault.xctoolchain/usr/bin/ld
configure:6523: checking if the linker (/Applications/Xcode.app/Contents/Developer/Toolchains/XcodeDefault.xctoolchain/usr/bin/ld) is GNU ld
configure:6538: result: no
configure:6543: checking for /Applications/Xcode.app/Contents/Developer/Toolchains/XcodeDefault.xctoolchain/usr/bin/ld option to reload object files
configure:6550: result: -r
configure:6568: checking for BSD-compatible nm
configure:6617: result: /usr/bin/nm -B
configure:6621: checking whether ln -s works
configure:6625: result: yes
configure:6632: checking how to recognise dependent libraries
configure:6808: result: pass_all
configure:7041: checking how to run the C preprocessor
configure:7081: gcc -E  conftest.c
configure:7087: $? = 0
configure:7118: gcc -E  conftest.c
conftest.c:15:10: fatal error: 'ac_nonexistent.h' file not found
#include <ac_nonexistent.h>
         ^
1 error generated.
configure:7124: $? = 1
configure: failed program was:
| /* confdefs.h.  */
| #define PACKAGE_NAME "gc"
| #define PACKAGE_TARNAME "gc"
| #define PACKAGE_VERSION "7.0"
| #define PACKAGE_STRING "gc 7.0"
| #define PACKAGE_BUGREPORT "Hans.Boehm@hp.com"
| #define GC_VERSION_MAJOR 7
| #define GC_VERSION_MINOR 0
| #define PACKAGE "gc"
| #define VERSION "7.0"
| #define GC_DARWIN_THREADS 1
| #define THREAD_LOCAL_ALLOC 1
| #define HAS_X86_THREAD_STATE32___EAX 1
| /* end confdefs.h.  */
| #include <ac_nonexistent.h>
configure:7157: result: gcc -E
configure:7186: gcc -E  conftest.c
configure:7192: $? = 0
configure:7223: gcc -E  conftest.c
conftest.c:15:10: fatal error: 'ac_nonexistent.h' file not found
#include <ac_nonexistent.h>
         ^
1 error generated.
configure:7229: $? = 1
configure: failed program was:
| /* confdefs.h.  */
| #define PACKAGE_NAME "gc"
| #define PACKAGE_TARNAME "gc"
| #define PACKAGE_VERSION "7.0"
| #define PACKAGE_STRING "gc 7.0"
| #define PACKAGE_BUGREPORT "Hans.Boehm@hp.com"
| #define GC_VERSION_MAJOR 7
| #define GC_VERSION_MINOR 0
| #define PACKAGE "gc"
| #define VERSION "7.0"
| #define GC_DARWIN_THREADS 1
| #define THREAD_LOCAL_ALLOC 1
| #define HAS_X86_THREAD_STATE32___EAX 1
| /* end confdefs.h.  */
| #include <ac_nonexistent.h>
configure:7267: checking for ANSI C header files
configure:7297: gcc -c -arch i486  conftest.c >&5
configure:7303: $? = 0
configure:7402: gcc -o conftest -arch i486   conftest.c  >&5
configure:7405: $? = 0
configure:7411: ./conftest
configure:7414: $? = 0
configure:7431: result: yes
configure:7455: checking for sys/types.h
configure:7476: gcc -c -arch i486  conftest.c >&5
configure:7482: $? = 0
configure:7498: result: yes
configure:7455: checking for sys/stat.h
configure:7476: gcc -c -arch i486  conftest.c >&5
configure:7482: $? = 0
configure:7498: result: yes
configure:7455: checking for stdlib.h
configure:7476: gcc -c -arch i486  conftest.c >&5
configure:7482: $? = 0
configure:7498: result: yes
configure:7455: checking for string.h
configure:7476: gcc -c -arch i486  conftest.c >&5
configure:7482: $? = 0
configure:7498: result: yes
configure:7455: checking for memory.h
configure:7476: gcc -c -arch i486  conftest.c >&5
configure:7482: $? = 0
configure:7498: result: yes
configure:7455: checking for strings.h
configure:7476: gcc -c -arch i486  conftest.c >&5
configure:7482: $? = 0
configure:7498: result: yes
configure:7455: checking for inttypes.h
configure:7476: gcc -c -arch i486  conftest.c >&5
configure:7482: $? = 0
configure:7498: result: yes
configure:7455: checking for stdint.h
configure:7476: gcc -c -arch i486  conftest.c >&5
configure:7482: $? = 0
configure:7498: result: yes
configure:7455: checking for unistd.h
configure:7476: gcc -c -arch i486  conftest.c >&5
configure:7482: $? = 0
configure:7498: result: yes
configure:7525: checking dlfcn.h usability
configure:7542: gcc -c -arch i486  conftest.c >&5
configure:7548: $? = 0
configure:7562: result: yes
configure:7566: checking dlfcn.h presence
configure:7581: gcc -E  conftest.c
configure:7587: $? = 0
configure:7601: result: yes
configure:7634: checking for dlfcn.h
configure:7642: result: yes
configure:7665: checking how to run the C++ preprocessor
configure:7701: g++ -E  conftest.cpp
configure:7707: $? = 0
configure:7738: g++ -E  conftest.cpp
conftest.cpp:26:10: fatal error: 'ac_nonexistent.h' file not found
#include <ac_nonexistent.h>
         ^
1 error generated.
configure:7744: $? = 1
configure: failed program was:
| /* confdefs.h.  */
| #define PACKAGE_NAME "gc"
| #define PACKAGE_TARNAME "gc"
| #define PACKAGE_VERSION "7.0"
| #define PACKAGE_STRING "gc 7.0"
| #define PACKAGE_BUGREPORT "Hans.Boehm@hp.com"
| #define GC_VERSION_MAJOR 7
| #define GC_VERSION_MINOR 0
| #define PACKAGE "gc"
| #define VERSION "7.0"
| #define GC_DARWIN_THREADS 1
| #define THREAD_LOCAL_ALLOC 1
| #define HAS_X86_THREAD_STATE32___EAX 1
| #define STDC_HEADERS 1
| #define HAVE_SYS_TYPES_H 1
| #define HAVE_SYS_STAT_H 1
| #define HAVE_STDLIB_H 1
| #define HAVE_STRING_H 1
| #define HAVE_MEMORY_H 1
| #define HAVE_STRINGS_H 1
| #define HAVE_INTTYPES_H 1
| #define HAVE_STDINT_H 1
| #define HAVE_UNISTD_H 1
| #define HAVE_DLFCN_H 1
| /* end confdefs.h.  */
| #include <ac_nonexistent.h>
configure:7777: result: g++ -E
configure:7806: g++ -E  conftest.cpp
configure:7812: $? = 0
configure:7843: g++ -E  conftest.cpp
conftest.cpp:26:10: fatal error: 'ac_nonexistent.h' file not found
#include <ac_nonexistent.h>
         ^
1 error generated.
configure:7849: $? = 1
configure: failed program was:
| /* confdefs.h.  */
| #define PACKAGE_NAME "gc"
| #define PACKAGE_TARNAME "gc"
| #define PACKAGE_VERSION "7.0"
| #define PACKAGE_STRING "gc 7.0"
| #define PACKAGE_BUGREPORT "Hans.Boehm@hp.com"
| #define GC_VERSION_MAJOR 7
| #define GC_VERSION_MINOR 0
| #define PACKAGE "gc"
| #define VERSION "7.0"
| #define GC_DARWIN_THREADS 1
| #define THREAD_LOCAL_ALLOC 1
| #define HAS_X86_THREAD_STATE32___EAX 1
| #define STDC_HEADERS 1
| #define HAVE_SYS_TYPES_H 1
| #define HAVE_SYS_STAT_H 1
| #define HAVE_STDLIB_H 1
| #define HAVE_STRING_H 1
| #define HAVE_MEMORY_H 1
| #define HAVE_STRINGS_H 1
| #define HAVE_INTTYPES_H 1
| #define HAVE_STDINT_H 1
| #define HAVE_UNISTD_H 1
| #define HAVE_DLFCN_H 1
| /* end confdefs.h.  */
| #include <ac_nonexistent.h>
configure:7942: checking for g77
configure:7972: result: no
configure:7942: checking for xlf
configure:7972: result: no
configure:7942: checking for f77
configure:7972: result: no
configure:7942: checking for frt
configure:7972: result: no
configure:7942: checking for pgf77
configure:7972: result: no
configure:7942: checking for cf77
configure:7972: result: no
configure:7942: checking for fort77
configure:7972: result: no
configure:7942: checking for fl32
configure:7972: result: no
configure:7942: checking for af77
configure:7972: result: no
configure:7942: checking for xlf90
configure:7972: result: no
configure:7942: checking for f90
configure:7972: result: no
configure:7942: checking for pgf90
configure:7972: result: no
configure:7942: checking for pghpf
configure:7972: result: no
configure:7942: checking for epcf90
configure:7972: result: no
configure:7942: checking for gfortran
configure:7958: found /usr/local/bin/gfortran
configure:7969: result: gfortran
configure:7999: checking for Fortran 77 compiler version
configure:8006: gfortran --version >&5
GNU Fortran (Homebrew gcc 6.1.0) 6.1.0
Copyright (C) 2016 Free Software Foundation, Inc.
This is free software; see the source for copying conditions.  There is NO
warranty; not even for MERCHANTABILITY or FITNESS FOR A PARTICULAR PURPOSE.

configure:8009: $? = 0
configure:8016: gfortran -v >&5
Using built-in specs.
COLLECT_GCC=gfortran
COLLECT_LTO_WRAPPER=/usr/local/Cellar/gcc/6.1.0/libexec/gcc/x86_64-apple-darwin15.5.0/6.1.0/lto-wrapper
Target: x86_64-apple-darwin15.5.0
Configured with: ../configure --build=x86_64-apple-darwin15.5.0 --prefix=/usr/local/Cellar/gcc/6.1.0 --libdir=/usr/local/Cellar/gcc/6.1.0/lib/gcc/6 --enable-languages=c,c++,objc,obj-c++,fortran --program-suffix=-6 --with-gmp=/usr/local/opt/gmp --with-mpfr=/usr/local/opt/mpfr --with-mpc=/usr/local/opt/libmpc --with-isl=/usr/local/opt/isl --with-system-zlib --enable-libstdcxx-time=yes --enable-stage1-checking --enable-checking=release --enable-lto --with-build-config=bootstrap-debug --disable-werror --with-pkgversion='Homebrew gcc 6.1.0' --with-bugurl=https://github.com/Homebrew/homebrew/issues --enable-plugin --disable-nls --enable-multilib
Thread model: posix
gcc version 6.1.0 (Homebrew gcc 6.1.0) 
configure:8019: $? = 0
configure:8026: gfortran -V >&5
gfortran: error: unrecognized command line option '-V'
gfortran: fatal error: no input files
compilation terminated.
configure:8029: $? = 1
configure:8037: checking whether we are using the GNU Fortran 77 compiler
configure:8056: gfortran -c  conftest.F >&5
configure:8062: $? = 0
configure:8079: result: yes
configure:8085: checking whether gfortran accepts -g
configure:8102: gfortran -c -g conftest.f >&5
configure:8108: $? = 0
configure:8124: result: yes
configure:8154: checking the maximum length of command line arguments
configure:8263: result: 196608
configure:8274: checking command to parse /usr/bin/nm -B output from gcc object
configure:8379: gcc -c -arch i486  conftest.c >&5
configure:8382: $? = 0
configure:8386: /usr/bin/nm -B conftest.o \| sed -n -e 's/^.*[ 	]\([BCDEGRST][BCDEGRST]*\)[ 	][ 	]*\([_A-Za-z][_A-Za-z0-9]*\)$/\1 \2 \2/p' \> conftest.nm
configure:8389: $? = 0
cannot find nm_test_var in conftest.nm
configure:8379: gcc -c -arch i486  conftest.c >&5
configure:8382: $? = 0
configure:8386: /usr/bin/nm -B conftest.o \| sed -n -e 's/^.*[ 	]\([BCDEGRST][BCDEGRST]*\)[ 	][ 	]*_\([_A-Za-z][_A-Za-z0-9]*\)$/\1 _\2 \2/p' \> conftest.nm
configure:8389: $? = 0
configure:8441: gcc -o conftest -arch i486   conftest.c conftstm.o >&5
configure:8444: $? = 0
configure:8482: result: ok
configure:8486: checking for objdir
configure:8501: result: .libs
configure:8593: checking for ar
configure:8620: result: ar
configure:8689: checking for ranlib
configure:8716: result: ranlib
configure:8785: checking for strip
configure:8801: found /usr/bin/strip
configure:8812: result: strip
configure:9102: checking if gcc supports -fno-rtti -fno-exceptions
configure:9120: gcc -c -arch i486  -fno-rtti -fno-exceptions conftest.c >&5
configure:9124: $? = 0
configure:9137: result: yes
configure:9152: checking for gcc option to produce PIC
configure:9362: result: -fno-common
configure:9370: checking if gcc PIC flag -fno-common works
configure:9388: gcc -c -arch i486  -fno-common -DPIC conftest.c >&5
configure:9392: $? = 0
configure:9405: result: yes
configure:9433: checking if gcc static flag -static works
configure:9461: result: no
configure:9471: checking if gcc supports -c -o file.o
configure:9492: gcc -c -arch i486  -o out/conftest2.o conftest.c >&5
configure:9496: $? = 0
configure:9518: result: yes
configure:9544: checking whether the gcc linker (/Applications/Xcode.app/Contents/Developer/Toolchains/XcodeDefault.xctoolchain/usr/bin/ld) supports shared libraries
configure:10498: result: yes
configure:10565: checking dynamic linker characteristics
configure:11153: result: darwin16.6.0 dyld
configure:11162: checking how to hardcode library paths into programs
configure:11187: result: immediate
configure:11201: checking whether stripping libraries is possible
configure:11214: result: yes
configure:12007: checking if libtool supports shared libraries
configure:12009: result: yes
configure:12012: checking whether to build shared libraries
configure:12033: result: no
configure:12036: checking whether to build static libraries
configure:12040: result: yes
configure:12132: creating libtool
configure:12720: checking for ld used by g++
configure:12787: result: /Applications/Xcode.app/Contents/Developer/Toolchains/XcodeDefault.xctoolchain/usr/bin/ld
configure:12796: checking if the linker (/Applications/Xcode.app/Contents/Developer/Toolchains/XcodeDefault.xctoolchain/usr/bin/ld) is GNU ld
configure:12811: result: no
configure:12862: checking whether the g++ linker (/Applications/Xcode.app/Contents/Developer/Toolchains/XcodeDefault.xctoolchain/usr/bin/ld) supports shared libraries
configure:13796: result: yes
configure:13818: g++ -c -g -O2  conftest.cpp >&5
configure:13821: $? = 0
configure:13940: checking for g++ option to produce PIC
configure:14214: result: -fno-common
configure:14222: checking if g++ PIC flag -fno-common works
configure:14240: g++ -c -g -O2  -fno-common -DPIC conftest.cpp >&5
configure:14244: $? = 0
configure:14257: result: yes
configure:14285: checking if g++ static flag -static works
configure:14313: result: no
configure:14323: checking if g++ supports -c -o file.o
configure:14344: g++ -c -g -O2  -o out/conftest2.o conftest.cpp >&5
configure:14348: $? = 0
configure:14370: result: yes
configure:14396: checking whether the g++ linker (/Applications/Xcode.app/Contents/Developer/Toolchains/XcodeDefault.xctoolchain/usr/bin/ld) supports shared libraries
configure:14421: result: yes
configure:14488: checking dynamic linker characteristics
configure:15076: result: darwin16.6.0 dyld
configure:15085: checking how to hardcode library paths into programs
configure:15110: result: immediate
configure:15636: checking if libtool supports shared libraries
configure:15638: result: yes
configure:15641: checking whether to build shared libraries
configure:15661: result: no
configure:15664: checking whether to build static libraries
configure:15668: result: yes
configure:15678: checking for gfortran option to produce PIC
configure:15888: result: -fno-common
configure:15896: checking if gfortran PIC flag -fno-common works
configure:15914: gfortran -c -g -O2 -fno-common conftest.f >&5
configure:15918: $? = 0
configure:15931: result: yes
configure:15959: checking if gfortran static flag -static works
configure:15987: result: no
configure:15997: checking if gfortran supports -c -o file.o
configure:16018: gfortran -c -g -O2 -o out/conftest2.o conftest.f >&5
configure:16022: $? = 0
configure:16044: result: yes
configure:16070: checking whether the gfortran linker (/Applications/Xcode.app/Contents/Developer/Toolchains/XcodeDefault.xctoolchain/usr/bin/ld) supports shared libraries
configure:17004: result: yes
configure:17071: checking dynamic linker characteristics
configure:17659: result: darwin16.6.0 dyld
configure:17668: checking how to hardcode library paths into programs
configure:17693: result: immediate
configure:21269: checking sys/dg_sys_info.h usability
configure:21286: gcc -c -arch i486  conftest.c >&5
conftest.c:59:10: fatal error: 'sys/dg_sys_info.h' file not found
#include <sys/dg_sys_info.h>
         ^
1 error generated.
configure:21292: $? = 1
configure: failed program was:
| /* confdefs.h.  */
| #define PACKAGE_NAME "gc"
| #define PACKAGE_TARNAME "gc"
| #define PACKAGE_VERSION "7.0"
| #define PACKAGE_STRING "gc 7.0"
| #define PACKAGE_BUGREPORT "Hans.Boehm@hp.com"
| #define GC_VERSION_MAJOR 7
| #define GC_VERSION_MINOR 0
| #define PACKAGE "gc"
| #define VERSION "7.0"
| #define GC_DARWIN_THREADS 1
| #define THREAD_LOCAL_ALLOC 1
| #define HAS_X86_THREAD_STATE32___EAX 1
| #define STDC_HEADERS 1
| #define HAVE_SYS_TYPES_H 1
| #define HAVE_SYS_STAT_H 1
| #define HAVE_STDLIB_H 1
| #define HAVE_STRING_H 1
| #define HAVE_MEMORY_H 1
| #define HAVE_STRINGS_H 1
| #define HAVE_INTTYPES_H 1
| #define HAVE_STDINT_H 1
| #define HAVE_UNISTD_H 1
| #define HAVE_DLFCN_H 1
| /* end confdefs.h.  */
| #include <stdio.h>
| #ifdef HAVE_SYS_TYPES_H
| # include <sys/types.h>
| #endif
| #ifdef HAVE_SYS_STAT_H
| # include <sys/stat.h>
| #endif
| #ifdef STDC_HEADERS
| # include <stdlib.h>
| # include <stddef.h>
| #else
| # ifdef HAVE_STDLIB_H
| #  include <stdlib.h>
| # endif
| #endif
| #ifdef HAVE_STRING_H
| # if !defined STDC_HEADERS && defined HAVE_MEMORY_H
| #  include <memory.h>
| # endif
| # include <string.h>
| #endif
| #ifdef HAVE_STRINGS_H
| # include <strings.h>
| #endif
| #ifdef HAVE_INTTYPES_H
| # include <inttypes.h>
| #endif
| #ifdef HAVE_STDINT_H
| # include <stdint.h>
| #endif
| #ifdef HAVE_UNISTD_H
| # include <unistd.h>
| #endif
| #include <sys/dg_sys_info.h>
configure:21306: result: no
configure:21310: checking sys/dg_sys_info.h presence
configure:21325: gcc -E  conftest.c
conftest.c:26:10: fatal error: 'sys/dg_sys_info.h' file not found
#include <sys/dg_sys_info.h>
         ^
1 error generated.
configure:21331: $? = 1
configure: failed program was:
| /* confdefs.h.  */
| #define PACKAGE_NAME "gc"
| #define PACKAGE_TARNAME "gc"
| #define PACKAGE_VERSION "7.0"
| #define PACKAGE_STRING "gc 7.0"
| #define PACKAGE_BUGREPORT "Hans.Boehm@hp.com"
| #define GC_VERSION_MAJOR 7
| #define GC_VERSION_MINOR 0
| #define PACKAGE "gc"
| #define VERSION "7.0"
| #define GC_DARWIN_THREADS 1
| #define THREAD_LOCAL_ALLOC 1
| #define HAS_X86_THREAD_STATE32___EAX 1
| #define STDC_HEADERS 1
| #define HAVE_SYS_TYPES_H 1
| #define HAVE_SYS_STAT_H 1
| #define HAVE_STDLIB_H 1
| #define HAVE_STRING_H 1
| #define HAVE_MEMORY_H 1
| #define HAVE_STRINGS_H 1
| #define HAVE_INTTYPES_H 1
| #define HAVE_STDINT_H 1
| #define HAVE_UNISTD_H 1
| #define HAVE_DLFCN_H 1
| /* end confdefs.h.  */
| #include <sys/dg_sys_info.h>
configure:21345: result: no
configure:21378: checking for sys/dg_sys_info.h
configure:21385: result: no
configure:21432: checking whether Solaris gcc optimization fix is necessary
configure:21455: result: no
configure:21735: checking atomic_ops.h usability
configure:21752: gcc -c -arch i486  conftest.c >&5
conftest.c:65:10: fatal error: 'atomic_ops.h' file not found
#include <atomic_ops.h>
         ^
1 error generated.
configure:21758: $? = 1
configure: failed program was:
| /* confdefs.h.  */
| #define PACKAGE_NAME "gc"
| #define PACKAGE_TARNAME "gc"
| #define PACKAGE_VERSION "7.0"
| #define PACKAGE_STRING "gc 7.0"
| #define PACKAGE_BUGREPORT "Hans.Boehm@hp.com"
| #define GC_VERSION_MAJOR 7
| #define GC_VERSION_MINOR 0
| #define PACKAGE "gc"
| #define VERSION "7.0"
| #define GC_DARWIN_THREADS 1
| #define THREAD_LOCAL_ALLOC 1
| #define HAS_X86_THREAD_STATE32___EAX 1
| #define STDC_HEADERS 1
| #define HAVE_SYS_TYPES_H 1
| #define HAVE_SYS_STAT_H 1
| #define HAVE_STDLIB_H 1
| #define HAVE_STRING_H 1
| #define HAVE_MEMORY_H 1
| #define HAVE_STRINGS_H 1
| #define HAVE_INTTYPES_H 1
| #define HAVE_STDINT_H 1
| #define HAVE_UNISTD_H 1
| #define HAVE_DLFCN_H 1
| #define NO_EXECUTE_PERMISSION 1
| #define ALL_INTERIOR_POINTERS 1
| #define GC_GCJ_SUPPORT 1
| #define JAVA_FINALIZATION 1
| #define ATOMIC_UNCOLLECTABLE 1
| #define LARGE_CONFIG 1
| /* end confdefs.h.  */
| #include <stdio.h>
| #ifdef HAVE_SYS_TYPES_H
| # include <sys/types.h>
| #endif
| #ifdef HAVE_SYS_STAT_H
| # include <sys/stat.h>
| #endif
| #ifdef STDC_HEADERS
| # include <stdlib.h>
| # include <stddef.h>
| #else
| # ifdef HAVE_STDLIB_H
| #  include <stdlib.h>
| # endif
| #endif
| #ifdef HAVE_STRING_H
| # if !defined STDC_HEADERS && defined HAVE_MEMORY_H
| #  include <memory.h>
| # endif
| # include <string.h>
| #endif
| #ifdef HAVE_STRINGS_H
| # include <strings.h>
| #endif
| #ifdef HAVE_INTTYPES_H
| # include <inttypes.h>
| #endif
| #ifdef HAVE_STDINT_H
| # include <stdint.h>
| #endif
| #ifdef HAVE_UNISTD_H
| # include <unistd.h>
| #endif
| #include <atomic_ops.h>
configure:21772: result: no
configure:21776: checking atomic_ops.h presence
configure:21791: gcc -E  conftest.c
conftest.c:32:10: fatal error: 'atomic_ops.h' file not found
#include <atomic_ops.h>
         ^
1 error generated.
configure:21797: $? = 1
configure: failed program was:
| /* confdefs.h.  */
| #define PACKAGE_NAME "gc"
| #define PACKAGE_TARNAME "gc"
| #define PACKAGE_VERSION "7.0"
| #define PACKAGE_STRING "gc 7.0"
| #define PACKAGE_BUGREPORT "Hans.Boehm@hp.com"
| #define GC_VERSION_MAJOR 7
| #define GC_VERSION_MINOR 0
| #define PACKAGE "gc"
| #define VERSION "7.0"
| #define GC_DARWIN_THREADS 1
| #define THREAD_LOCAL_ALLOC 1
| #define HAS_X86_THREAD_STATE32___EAX 1
| #define STDC_HEADERS 1
| #define HAVE_SYS_TYPES_H 1
| #define HAVE_SYS_STAT_H 1
| #define HAVE_STDLIB_H 1
| #define HAVE_STRING_H 1
| #define HAVE_MEMORY_H 1
| #define HAVE_STRINGS_H 1
| #define HAVE_INTTYPES_H 1
| #define HAVE_STDINT_H 1
| #define HAVE_UNISTD_H 1
| #define HAVE_DLFCN_H 1
| #define NO_EXECUTE_PERMISSION 1
| #define ALL_INTERIOR_POINTERS 1
| #define GC_GCJ_SUPPORT 1
| #define JAVA_FINALIZATION 1
| #define ATOMIC_UNCOLLECTABLE 1
| #define LARGE_CONFIG 1
| /* end confdefs.h.  */
| #include <atomic_ops.h>
configure:21811: result: no
configure:21844: checking for atomic_ops.h
configure:21851: result: no
configure:21879: Using internal version of libatomic_ops
configure:22159: creating ./config.status

## ---------------------- ##
## Running config.status. ##
## ---------------------- ##

This file was extended by gc config.status 7.0, which was
generated by GNU Autoconf 2.61.  Invocation command line was

  CONFIG_FILES    = 
  CONFIG_HEADERS  = 
  CONFIG_LINKS    = 
  CONFIG_COMMANDS = 
  $ ./config.status 

on Nono

config.status:691: creating Makefile
config.status:691: creating bdw-gc.pc
config.status:876: executing depfiles commands
config.status:876: executing default commands
configure:23387: === configuring in libatomic_ops (/Users/Chazu/opp/piumarta/idst/object/gc-7.0/libatomic_ops)
configure:23490: running /bin/sh ./configure '--prefix=/usr/local'  '--enable-large-config' '--disable-shared' 'CFLAGS=-arch i486' --cache-file=/dev/null --srcdir=.

## ---------------- ##
## Cache variables. ##
## ---------------- ##

ac_cv_build=i386-apple-darwin16.6.0
ac_cv_c_compiler_gnu=yes
ac_cv_cxx_compiler_gnu=yes
ac_cv_env_CCASFLAGS_set=
ac_cv_env_CCASFLAGS_value=
ac_cv_env_CCAS_set=
ac_cv_env_CCAS_value=
ac_cv_env_CCC_set=
ac_cv_env_CCC_value=
ac_cv_env_CC_set=
ac_cv_env_CC_value=
ac_cv_env_CFLAGS_set=set
ac_cv_env_CFLAGS_value='-arch i486'
ac_cv_env_CPPFLAGS_set=
ac_cv_env_CPPFLAGS_value=
ac_cv_env_CPP_set=
ac_cv_env_CPP_value=
ac_cv_env_CXXCPP_set=
ac_cv_env_CXXCPP_value=
ac_cv_env_CXXFLAGS_set=
ac_cv_env_CXXFLAGS_value=
ac_cv_env_CXX_set=
ac_cv_env_CXX_value=
ac_cv_env_F77_set=
ac_cv_env_F77_value=
ac_cv_env_FFLAGS_set=
ac_cv_env_FFLAGS_value=
ac_cv_env_LDFLAGS_set=
ac_cv_env_LDFLAGS_value=
ac_cv_env_LIBS_set=
ac_cv_env_LIBS_value=
ac_cv_env_build_alias_set=
ac_cv_env_build_alias_value=
ac_cv_env_host_alias_set=
ac_cv_env_host_alias_value=
ac_cv_env_target_alias_set=
ac_cv_env_target_alias_value=
ac_cv_f77_compiler_gnu=yes
ac_cv_header_atomic_ops_h=no
ac_cv_header_dlfcn_h=yes
ac_cv_header_inttypes_h=yes
ac_cv_header_memory_h=yes
ac_cv_header_stdc=yes
ac_cv_header_stdint_h=yes
ac_cv_header_stdlib_h=yes
ac_cv_header_string_h=yes
ac_cv_header_strings_h=yes
ac_cv_header_sys_dg_sys_info_h=no
ac_cv_header_sys_stat_h=yes
ac_cv_header_sys_types_h=yes
ac_cv_header_unistd_h=yes
ac_cv_host=i386-apple-darwin16.6.0
ac_cv_member_x86_thread_state32_t___eax=yes
ac_cv_member_x86_thread_state32_t_eax=no
ac_cv_objext=o
ac_cv_path_EGREP='/usr/bin/grep -E'
ac_cv_path_GREP=/usr/bin/grep
ac_cv_path_install='/usr/local/bin/ginstall -c'
ac_cv_prog_AWK=awk
ac_cv_prog_CPP='gcc -E'
ac_cv_prog_CXXCPP='g++ -E'
ac_cv_prog_ac_ct_AR=ar
ac_cv_prog_ac_ct_CC=gcc
ac_cv_prog_ac_ct_CXX=g++
ac_cv_prog_ac_ct_F77=gfortran
ac_cv_prog_ac_ct_RANLIB=ranlib
ac_cv_prog_ac_ct_STRIP=strip
ac_cv_prog_cc_c89=
ac_cv_prog_cc_g=yes
ac_cv_prog_cc_gcc_c_o=yes
ac_cv_prog_cxx_g=yes
ac_cv_prog_f77_g=yes
ac_cv_prog_make_make_set=yes
ac_cv_target=i386-apple-darwin16.6.0
am_cv_CC_dependencies_compiler_type=gcc3
am_cv_CXX_dependencies_compiler_type=gcc3
lt_cv_deplibs_check_method=pass_all
lt_cv_file_magic_cmd='$MAGIC_CMD'
lt_cv_file_magic_test_file=
lt_cv_ld_reload_flag=-r
lt_cv_objdir=.libs
lt_cv_path_LD=/Applications/Xcode.app/Contents/Developer/Toolchains/XcodeDefault.xctoolchain/usr/bin/ld
lt_cv_path_LDCXX=/Applications/Xcode.app/Contents/Developer/Toolchains/XcodeDefault.xctoolchain/usr/bin/ld
lt_cv_path_NM='/usr/bin/nm -B'
lt_cv_path_SED=/usr/bin/sed
lt_cv_prog_compiler_c_o=yes
lt_cv_prog_compiler_c_o_CXX=yes
lt_cv_prog_compiler_c_o_F77=yes
lt_cv_prog_compiler_rtti_exceptions=yes
lt_cv_prog_gnu_ld=no
lt_cv_prog_gnu_ldcxx=no
lt_cv_sys_global_symbol_pipe='sed -n -e '\''s/^.*[ 	]\([BCDEGRST][BCDEGRST]*\)[ 	][ 	]*_\([_A-Za-z][_A-Za-z0-9]*\)$/\1 _\2 \2/p'\'''
lt_cv_sys_global_symbol_to_c_name_address='sed -n -e '\''s/^: \([^ ]*\) $/  {\"\1\", (lt_ptr) 0},/p'\'' -e '\''s/^[BCDEGRST] \([^ ]*\) \([^ ]*\)$/  {"\2", (lt_ptr) \&\2},/p'\'''
lt_cv_sys_global_symbol_to_cdecl='sed -n -e '\''s/^. .* \(.*\)$/extern int \1;/p'\'''
lt_cv_sys_max_cmd_len=196608
lt_lt_cv_prog_compiler_c_o='"yes"'
lt_lt_cv_prog_compiler_c_o_CXX='"yes"'
lt_lt_cv_prog_compiler_c_o_F77='"yes"'
lt_lt_cv_sys_global_symbol_pipe='"sed -n -e '\''s/^.*[ 	]\\([BCDEGRST][BCDEGRST]*\\)[ 	][ 	]*_\\([_A-Za-z][_A-Za-z0-9]*\\)\$/\\1 _\\2 \\2/p'\''"'
lt_lt_cv_sys_global_symbol_to_c_name_address='"sed -n -e '\''s/^: \\([^ ]*\\) \$/  {\\\"\\1\\\", (lt_ptr) 0},/p'\'' -e '\''s/^[BCDEGRST] \\([^ ]*\\) \\([^ ]*\\)\$/  {\"\\2\", (lt_ptr) \\&\\2},/p'\''"'
lt_lt_cv_sys_global_symbol_to_cdecl='"sed -n -e '\''s/^. .* \\(.*\\)\$/extern int \\1;/p'\''"'

## ----------------- ##
## Output variables. ##
## ----------------- ##

ACLOCAL='${SHELL} /Users/Chazu/opp/piumarta/idst/object/gc-7.0/missing --run aclocal-1.9'
AMDEPBACKSLASH='\'
AMDEP_FALSE='#'
AMDEP_TRUE=''
AMTAR='${SHELL} /Users/Chazu/opp/piumarta/idst/object/gc-7.0/missing --run tar'
AR='ar'
AUTOCONF='${SHELL} /Users/Chazu/opp/piumarta/idst/object/gc-7.0/missing --run autoconf'
AUTOHEADER='${SHELL} /Users/Chazu/opp/piumarta/idst/object/gc-7.0/missing --run autoheader'
AUTOMAKE='${SHELL} /Users/Chazu/opp/piumarta/idst/object/gc-7.0/missing --run automake-1.9'
AWK='awk'
CC='gcc'
CCAS='gcc'
CCASFLAGS='-arch i486'
CCDEPMODE='depmode=gcc3'
CFLAGS='-arch i486'
COMPILER_XLC_FALSE=''
COMPILER_XLC_TRUE='#'
CPLUSPLUS_FALSE=''
CPLUSPLUS_TRUE='#'
CPP='gcc -E'
CPPFLAGS=''
CXX='g++'
CXXCPP='g++ -E'
CXXDEPMODE='depmode=gcc3'
CXXFLAGS='-g -O2'
CXXINCLUDES=''
CYGPATH_W='echo'
DARWIN_THREADS_FALSE='#'
DARWIN_THREADS_TRUE=''
DEFS='-DPACKAGE_NAME=\"gc\" -DPACKAGE_TARNAME=\"gc\" -DPACKAGE_VERSION=\"7.0\" -DPACKAGE_STRING=\"gc\ 7.0\" -DPACKAGE_BUGREPORT=\"Hans.Boehm@hp.com\" -DGC_VERSION_MAJOR=7 -DGC_VERSION_MINOR=0 -DPACKAGE=\"gc\" -DVERSION=\"7.0\" -DGC_DARWIN_THREADS=1 -DTHREAD_LOCAL_ALLOC=1 -DHAS_X86_THREAD_STATE32___EAX=1 -DSTDC_HEADERS=1 -DHAVE_SYS_TYPES_H=1 -DHAVE_SYS_STAT_H=1 -DHAVE_STDLIB_H=1 -DHAVE_STRING_H=1 -DHAVE_MEMORY_H=1 -DHAVE_STRINGS_H=1 -DHAVE_INTTYPES_H=1 -DHAVE_STDINT_H=1 -DHAVE_UNISTD_H=1 -DHAVE_DLFCN_H=1 -DNO_EXECUTE_PERMISSION=1 -DALL_INTERIOR_POINTERS=1 -DGC_GCJ_SUPPORT=1 -DJAVA_FINALIZATION=1 -DATOMIC_UNCOLLECTABLE=1 -DLARGE_CONFIG=1'
DEPDIR='.deps'
ECHO='/bin/echo'
ECHO_C='ECHO_N=''
ECHO_T=''
EGREP='/usr/bin/grep -E'
ENABLE_GCJ_SUPPORT_FALSE='#'
ENABLE_GCJ_SUPPORT_TRUE=''
EXEEXT=''
EXTRA_TEST_LIBS=''
F77='gfortran'
FFLAGS='-g -O2'
GC_CFLAGS=' -fexceptions -I $(top_srcdir)/libatomic_ops/src'
GC_VERSION=''
GREP='/usr/bin/grep'
INCLUDES='-I./include'
INSTALL_DATA='${INSTALL} -m 644'
INSTALL_PROGRAM='${INSTALL}'
INSTALL_SCRIPT='${INSTALL}'
INSTALL_STRIP_PROGRAM='${SHELL} $(install_sh) -c -s'
LDFLAGS=''
LIBOBJS=''
LIBS=''
LIBTOOL='$(SHELL) $(top_builddir)/libtool'
LN_S='ln -s'
LTLIBOBJS=''
MAINT='#'
MAINTAINER_MODE_FALSE=''
MAINTAINER_MODE_TRUE='#'
MAKEINFO='${SHELL} /Users/Chazu/opp/piumarta/idst/object/gc-7.0/missing --run makeinfo'
NEED_ATOMIC_OPS_ASM_FALSE=''
NEED_ATOMIC_OPS_ASM_TRUE='#'
OBJEXT='o'
PACKAGE='gc'
PACKAGE_BUGREPORT='Hans.Boehm@hp.com'
PACKAGE_NAME='gc'
PACKAGE_STRING='gc 7.0'
PACKAGE_TARNAME='gc'
PACKAGE_VERSION='7.0'
PATH_SEPARATOR=':'
PTHREADS_FALSE='#'
PTHREADS_TRUE=''
RANLIB='ranlib'
SET_MAKE=''
SHELL='/bin/sh'
STRIP='strip'
THREADDLLIBS='-lpthread'
THREADS_FALSE='#'
THREADS_TRUE=''
UNWINDLIBS=''
USE_INTERNAL_LIBATOMIC_OPS_FALSE='#'
USE_INTERNAL_LIBATOMIC_OPS_TRUE=''
USE_LIBDIR_FALSE='#'
USE_LIBDIR_TRUE=''
VERSION='7.0'
WIN32_THREADS_FALSE=''
WIN32_THREADS_TRUE='#'
ac_ct_CC='gcc'
ac_ct_CXX='g++'
ac_ct_F77='gfortran'
addlibs=''
addobjs=' mach_dep.lo'
am__fastdepCC_FALSE='#'
am__fastdepCC_TRUE=''
am__fastdepCXX_FALSE='#'
am__fastdepCXX_TRUE=''
am__include='include'
am__leading_dot='.'
am__quote=''
am__tar='${AMTAR} chof - "$$tardir"'
am__untar='${AMTAR} xf -'
atomic_ops_libs='-latomic_ops'
bindir='${exec_prefix}/bin'
build='i386-apple-darwin16.6.0'
build_alias=''
build_cpu='i386'
build_os='darwin16.6.0'
build_vendor='apple'
datadir='${datarootdir}'
datarootdir='${prefix}/share'
docdir='${datarootdir}/doc/${PACKAGE_TARNAME}'
dvidir='${docdir}'
exec_prefix='${prefix}'
extra_ldflags_libgc='-Wl,-single_module'
host='i386-apple-darwin16.6.0'
host_alias=''
host_cpu='i386'
host_os='darwin16.6.0'
host_vendor='apple'
htmldir='${docdir}'
includedir='${prefix}/include'
infodir='${datarootdir}/info'
install_sh='/Users/Chazu/opp/piumarta/idst/object/gc-7.0/install-sh'
libdir='${exec_prefix}/lib'
libexecdir='${exec_prefix}/libexec'
localedir='${datarootdir}/locale'
localstatedir='${prefix}/var'
mandir='${datarootdir}/man'
mkdir_p='$(mkinstalldirs)'
oldincludedir='/usr/include'
pdfdir='${docdir}'
prefix='/usr/local'
program_transform_name='s,x,x,'
psdir='${docdir}'
sbindir='${exec_prefix}/sbin'
sharedstatedir='${prefix}/com'
subdirs=' libatomic_ops'
sysconfdir='${prefix}/etc'
target='i386-apple-darwin16.6.0'
target_alias=''
target_all='libgc.la'
target_cpu='i386'
target_os='darwin16.6.0'
target_vendor='apple'

## ----------- ##
## confdefs.h. ##
## ----------- ##

#define PACKAGE_NAME "gc"
#define PACKAGE_TARNAME "gc"
#define PACKAGE_VERSION "7.0"
#define PACKAGE_STRING "gc 7.0"
#define PACKAGE_BUGREPORT "Hans.Boehm@hp.com"
#define GC_VERSION_MAJOR 7
#define GC_VERSION_MINOR 0
#define PACKAGE "gc"
#define VERSION "7.0"
#define GC_DARWIN_THREADS 1
#define THREAD_LOCAL_ALLOC 1
#define HAS_X86_THREAD_STATE32___EAX 1
#define STDC_HEADERS 1
#define HAVE_SYS_TYPES_H 1
#define HAVE_SYS_STAT_H 1
#define HAVE_STDLIB_H 1
#define HAVE_STRING_H 1
#define HAVE_MEMORY_H 1
#define HAVE_STRINGS_H 1
#define HAVE_INTTYPES_H 1
#define HAVE_STDINT_H 1
#define HAVE_UNISTD_H 1
#define HAVE_DLFCN_H 1
#define NO_EXECUTE_PERMISSION 1
#define ALL_INTERIOR_POINTERS 1
#define GC_GCJ_SUPPORT 1
#define JAVA_FINALIZATION 1
#define ATOMIC_UNCOLLECTABLE 1
#define LARGE_CONFIG 1

configure: exit 0
