This file contains any messages produced by compilers while
running configure, to aid debugging if configure makes a mistake.

It was created by libatomic_ops configure 1.2, which was
generated by GNU Autoconf 2.59.  Invocation command line was

  $ ./configure --prefix=/usr/local --enable-large-config --disable-shared CFLAGS=-arch i486 --cache-file=/dev/null --srcdir=.

## --------- ##
## Platform. ##
## --------- ##

hostname = Nono
uname -m = x86_64
uname -r = 16.6.0
uname -s = Darwin
uname -v = Darwin Kernel Version 16.6.0: Fri Apr 14 16:21:16 PDT 2017; root:xnu-3789.60.24~6/RELEASE_X86_64

/usr/bin/uname -p = i386
/bin/uname -X     = unknown

/bin/arch              = unknown
/usr/bin/arch -k       = unknown
/usr/convex/getsysinfo = unknown
hostinfo               = Mach kernel version:
	 Darwin Kernel Version 16.6.0: Fri Apr 14 16:21:16 PDT 2017; root:xnu-3789.60.24~6/RELEASE_X86_64
Kernel configured for up to 8 processors.
4 processors are physically available.
8 processors are logically available.
Processor type: x86_64h (Intel x86-64h Haswell)
Processors active: 0 1 2 3 4 5 6 7
Primary memory available: 16.00 gigabytes
Default processor set: 495 tasks, 3362 threads, 8 processors
Load average: 10.96, Mach factor: 0.72
/bin/machine           = unknown
/usr/bin/oslevel       = unknown
/bin/universe          = unknown

PATH: /Users/Chazu/.bashish/launcher
PATH: /usr/local/Cellar/bashish/2.2.4/share/bashish/lib
PATH: /Users/Chazu/.nodenv/shims
PATH: /Users/Chazu/.rbenv/shims
PATH: /Users/Chazu/.rbenv/bin
PATH: /usr/local/sbin
PATH: /usr/local
PATH: /usr/local/bin
PATH: //Users/Chazu/.cask/bin
PATH: /usr/local/bin
PATH: /usr/bin
PATH: /bin
PATH: /usr/sbin
PATH: /sbin
PATH: /opt/X11/bin
PATH: /Library/TeX/texbin
PATH: //Users/Chazu/.local/bin
PATH: /Users/Chazu/bin
PATH: /opt/ec2-api-tools-1.6.7.4/bin


## ----------- ##
## Core tests. ##
## ----------- ##

configure:1356: checking build system type
configure:1374: result: i386-apple-darwin16.6.0
configure:1382: checking host system type
configure:1396: result: i386-apple-darwin16.6.0
configure:1404: checking target system type
configure:1418: result: i386-apple-darwin16.6.0
configure:1447: checking for a BSD-compatible install
configure:1502: result: /usr/local/bin/ginstall -c
configure:1513: checking whether build environment is sane
configure:1556: result: yes
configure:1621: checking for gawk
configure:1650: result: no
configure:1621: checking for mawk
configure:1650: result: no
configure:1621: checking for nawk
configure:1650: result: no
configure:1621: checking for awk
configure:1637: found /usr/bin/awk
configure:1647: result: awk
configure:1657: checking whether make sets $(MAKE)
configure:1677: result: yes
configure:1886: checking for ranlib
configure:1902: found /usr/bin/ranlib
configure:1913: result: ranlib
configure:1976: checking for gcc
configure:1992: found /usr/bin/gcc
configure:2002: result: gcc
configure:2246: checking for C compiler version
configure:2249: gcc --version </dev/null >&5
Configured with: --prefix=/Applications/Xcode.app/Contents/Developer/usr --with-gxx-include-dir=/Applications/Xcode.app/Contents/Developer/Platforms/MacOSX.platform/Developer/SDKs/MacOSX10.12.sdk/usr/include/c++/4.2.1
Apple LLVM version 8.1.0 (clang-802.0.42)
Target: x86_64-apple-darwin16.6.0
Thread model: posix
InstalledDir: /Applications/Xcode.app/Contents/Developer/Toolchains/XcodeDefault.xctoolchain/usr/bin
configure:2252: $? = 0
configure:2254: gcc -v </dev/null >&5
Configured with: --prefix=/Applications/Xcode.app/Contents/Developer/usr --with-gxx-include-dir=/Applications/Xcode.app/Contents/Developer/Platforms/MacOSX.platform/Developer/SDKs/MacOSX10.12.sdk/usr/include/c++/4.2.1
Apple LLVM version 8.1.0 (clang-802.0.42)
Target: x86_64-apple-darwin16.6.0
Thread model: posix
InstalledDir: /Applications/Xcode.app/Contents/Developer/Toolchains/XcodeDefault.xctoolchain/usr/bin
configure:2257: $? = 0
configure:2259: gcc -V </dev/null >&5
clang: error: argument to '-V' is missing (expected 1 value)
clang: error: no input files
configure:2262: $? = 1
configure:2285: checking for C compiler default output file name
configure:2288: gcc -arch i486   conftest.c  >&5
configure:2291: $? = 0
configure:2337: result: a.out
configure:2342: checking whether the C compiler works
configure:2348: ./a.out
configure:2351: $? = 0
configure:2368: result: yes
configure:2375: checking whether we are cross compiling
configure:2377: result: no
configure:2380: checking for suffix of executables
configure:2382: gcc -o conftest -arch i486   conftest.c  >&5
configure:2385: $? = 0
configure:2410: result: 
configure:2416: checking for suffix of object files
configure:2437: gcc -c -arch i486  conftest.c >&5
configure:2440: $? = 0
configure:2462: result: o
configure:2466: checking whether we are using the GNU C compiler
configure:2490: gcc -c -arch i486  conftest.c >&5
configure:2496: $? = 0
configure:2499: test -z 			 || test ! -s conftest.err
configure:2502: $? = 0
configure:2505: test -s conftest.o
configure:2508: $? = 0
configure:2521: result: yes
configure:2527: checking whether gcc accepts -g
configure:2548: gcc -c -g  conftest.c >&5
configure:2554: $? = 0
configure:2557: test -z 			 || test ! -s conftest.err
configure:2560: $? = 0
configure:2563: test -s conftest.o
configure:2566: $? = 0
configure:2577: result: yes
configure:2594: checking for gcc option to accept ANSI C
configure:2664: gcc  -c -arch i486  conftest.c >&5
configure:2670: $? = 0
configure:2673: test -z 			 || test ! -s conftest.err
configure:2676: $? = 0
configure:2679: test -s conftest.o
configure:2682: $? = 0
configure:2700: result: none needed
configure:2718: gcc -c -arch i486  conftest.c >&5
conftest.c:2:3: error: unknown type name 'choke'
  choke me
  ^
conftest.c:2:11: error: expected ';' after top level declarator
  choke me
          ^
          ;
2 errors generated.
configure:2724: $? = 1
configure: failed program was:
| #ifndef __cplusplus
|   choke me
| #endif
configure:2865: checking for style of include used by make
configure:2893: result: GNU
configure:2921: checking dependency style of gcc
configure:3011: result: gcc3
configure:3043: checking how to run the C preprocessor
configure:3078: gcc -E  conftest.c
configure:3084: $? = 0
configure:3116: gcc -E  conftest.c
conftest.c:11:10: fatal error: 'ac_nonexistent.h' file not found
#include <ac_nonexistent.h>
         ^
1 error generated.
configure:3122: $? = 1
configure: failed program was:
| /* confdefs.h.  */
| 
| #define PACKAGE_NAME "libatomic_ops"
| #define PACKAGE_TARNAME "libatomic_ops"
| #define PACKAGE_VERSION "1.2"
| #define PACKAGE_STRING "libatomic_ops 1.2"
| #define PACKAGE_BUGREPORT ""
| #define PACKAGE "libatomic_ops"
| #define VERSION "1.2"
| /* end confdefs.h.  */
| #include <ac_nonexistent.h>
configure:3161: result: gcc -E
configure:3185: gcc -E  conftest.c
configure:3191: $? = 0
configure:3223: gcc -E  conftest.c
conftest.c:11:10: fatal error: 'ac_nonexistent.h' file not found
#include <ac_nonexistent.h>
         ^
1 error generated.
configure:3229: $? = 1
configure: failed program was:
| /* confdefs.h.  */
| 
| #define PACKAGE_NAME "libatomic_ops"
| #define PACKAGE_TARNAME "libatomic_ops"
| #define PACKAGE_VERSION "1.2"
| #define PACKAGE_STRING "libatomic_ops 1.2"
| #define PACKAGE_BUGREPORT ""
| #define PACKAGE "libatomic_ops"
| #define VERSION "1.2"
| /* end confdefs.h.  */
| #include <ac_nonexistent.h>
configure:3273: checking for egrep
configure:3283: result: grep -E
configure:3288: checking for ANSI C header files
configure:3313: gcc -c -arch i486  conftest.c >&5
configure:3319: $? = 0
configure:3322: test -z 			 || test ! -s conftest.err
configure:3325: $? = 0
configure:3328: test -s conftest.o
configure:3331: $? = 0
configure:3420: gcc -o conftest -arch i486   conftest.c  >&5
conftest.c:28:7: warning: implicitly declaring library function 'exit' with type 'void (int) __attribute__((noreturn))' [-Wimplicit-function-declaration]
      exit(2);
      ^
conftest.c:28:7: note: include the header <stdlib.h> or explicitly provide a declaration for 'exit'
1 warning generated.
configure:3423: $? = 0
configure:3425: ./conftest
configure:3428: $? = 0
configure:3443: result: yes
configure:3467: checking for sys/types.h
configure:3483: gcc -c -arch i486  conftest.c >&5
configure:3489: $? = 0
configure:3492: test -z 			 || test ! -s conftest.err
configure:3495: $? = 0
configure:3498: test -s conftest.o
configure:3501: $? = 0
configure:3512: result: yes
configure:3467: checking for sys/stat.h
configure:3483: gcc -c -arch i486  conftest.c >&5
configure:3489: $? = 0
configure:3492: test -z 			 || test ! -s conftest.err
configure:3495: $? = 0
configure:3498: test -s conftest.o
configure:3501: $? = 0
configure:3512: result: yes
configure:3467: checking for stdlib.h
configure:3483: gcc -c -arch i486  conftest.c >&5
configure:3489: $? = 0
configure:3492: test -z 			 || test ! -s conftest.err
configure:3495: $? = 0
configure:3498: test -s conftest.o
configure:3501: $? = 0
configure:3512: result: yes
configure:3467: checking for string.h
configure:3483: gcc -c -arch i486  conftest.c >&5
configure:3489: $? = 0
configure:3492: test -z 			 || test ! -s conftest.err
configure:3495: $? = 0
configure:3498: test -s conftest.o
configure:3501: $? = 0
configure:3512: result: yes
configure:3467: checking for memory.h
configure:3483: gcc -c -arch i486  conftest.c >&5
configure:3489: $? = 0
configure:3492: test -z 			 || test ! -s conftest.err
configure:3495: $? = 0
configure:3498: test -s conftest.o
configure:3501: $? = 0
configure:3512: result: yes
configure:3467: checking for strings.h
configure:3483: gcc -c -arch i486  conftest.c >&5
configure:3489: $? = 0
configure:3492: test -z 			 || test ! -s conftest.err
configure:3495: $? = 0
configure:3498: test -s conftest.o
configure:3501: $? = 0
configure:3512: result: yes
configure:3467: checking for inttypes.h
configure:3483: gcc -c -arch i486  conftest.c >&5
configure:3489: $? = 0
configure:3492: test -z 			 || test ! -s conftest.err
configure:3495: $? = 0
configure:3498: test -s conftest.o
configure:3501: $? = 0
configure:3512: result: yes
configure:3467: checking for stdint.h
configure:3483: gcc -c -arch i486  conftest.c >&5
configure:3489: $? = 0
configure:3492: test -z 			 || test ! -s conftest.err
configure:3495: $? = 0
configure:3498: test -s conftest.o
configure:3501: $? = 0
configure:3512: result: yes
configure:3467: checking for unistd.h
configure:3483: gcc -c -arch i486  conftest.c >&5
configure:3489: $? = 0
configure:3492: test -z 			 || test ! -s conftest.err
configure:3495: $? = 0
configure:3498: test -s conftest.o
configure:3501: $? = 0
configure:3512: result: yes
configure:3530: checking for stdlib.h
configure:3535: result: yes
configure:3530: checking for unistd.h
configure:3535: result: yes
configure:3678: checking for getpagesize
configure:3735: gcc -o conftest -arch i486   conftest.c  >&5
configure:3741: $? = 0
configure:3744: test -z 			 || test ! -s conftest.err
configure:3747: $? = 0
configure:3750: test -s conftest
configure:3753: $? = 0
configure:3765: result: yes
configure:3775: checking for working mmap
configure:3917: gcc -o conftest -arch i486   conftest.c  >&5
configure:3920: $? = 0
configure:3922: ./conftest
configure:3925: $? = 0
configure:3939: result: yes
configure:3952: checking for ANSI C header files
configure:4107: result: yes
configure:4122: checking Determining PIC compiler flag
configure:4125: result: -fPIC
configure:4295: creating ./config.status

## ---------------------- ##
## Running config.status. ##
## ---------------------- ##

This file was extended by libatomic_ops config.status 1.2, which was
generated by GNU Autoconf 2.59.  Invocation command line was

  CONFIG_FILES    = 
  CONFIG_HEADERS  = 
  CONFIG_LINKS    = 
  CONFIG_COMMANDS = 
  $ ./config.status 

on Nono

config.status:756: creating Makefile
config.status:756: creating src/Makefile
config.status:756: creating src/atomic_ops/Makefile
config.status:756: creating src/atomic_ops/sysdeps/Makefile
config.status:756: creating doc/Makefile
config.status:756: creating tests/Makefile
config.status:822: creating src/config.h
config.status:938: src/config.h is unchanged
config.status:1118: executing depfiles commands
config.status:1118: executing default commands

## ---------------- ##
## Cache variables. ##
## ---------------- ##

ac_cv_build=i386-apple-darwin16.6.0
ac_cv_build_alias=i386-apple-darwin16.6.0
ac_cv_c_compiler_gnu=yes
ac_cv_env_CCASFLAGS_set=
ac_cv_env_CCASFLAGS_value=
ac_cv_env_CCAS_set=
ac_cv_env_CCAS_value=
ac_cv_env_CC_set=
ac_cv_env_CC_value=
ac_cv_env_CFLAGS_set=set
ac_cv_env_CFLAGS_value='-arch i486'
ac_cv_env_CPPFLAGS_set=
ac_cv_env_CPPFLAGS_value=
ac_cv_env_CPP_set=
ac_cv_env_CPP_value=
ac_cv_env_LDFLAGS_set=
ac_cv_env_LDFLAGS_value=
ac_cv_env_build_alias_set=
ac_cv_env_build_alias_value=
ac_cv_env_host_alias_set=
ac_cv_env_host_alias_value=
ac_cv_env_target_alias_set=
ac_cv_env_target_alias_value=
ac_cv_exeext=
ac_cv_func_getpagesize=yes
ac_cv_func_mmap_fixed_mapped=yes
ac_cv_header_inttypes_h=yes
ac_cv_header_memory_h=yes
ac_cv_header_stdc=yes
ac_cv_header_stdint_h=yes
ac_cv_header_stdlib_h=yes
ac_cv_header_string_h=yes
ac_cv_header_strings_h=yes
ac_cv_header_sys_stat_h=yes
ac_cv_header_sys_types_h=yes
ac_cv_header_unistd_h=yes
ac_cv_host=i386-apple-darwin16.6.0
ac_cv_host_alias=i386-apple-darwin16.6.0
ac_cv_objext=o
ac_cv_path_install='/usr/local/bin/ginstall -c'
ac_cv_prog_AWK=awk
ac_cv_prog_CPP='gcc -E'
ac_cv_prog_ac_ct_CC=gcc
ac_cv_prog_ac_ct_RANLIB=ranlib
ac_cv_prog_cc_g=yes
ac_cv_prog_cc_stdc=
ac_cv_prog_egrep='grep -E'
ac_cv_prog_make_make_set=yes
ac_cv_target=i386-apple-darwin16.6.0
ac_cv_target_alias=i386-apple-darwin16.6.0
am_cv_CC_dependencies_compiler_type=gcc3

## ----------------- ##
## Output variables. ##
## ----------------- ##

ACLOCAL='${SHELL} /Users/Chazu/opp/piumarta/idst/object/gc-7.0/libatomic_ops/missing --run aclocal-1.9'
AMDEPBACKSLASH='\'
AMDEP_FALSE='#'
AMDEP_TRUE=''
AMTAR='${SHELL} /Users/Chazu/opp/piumarta/idst/object/gc-7.0/libatomic_ops/missing --run tar'
AUTOCONF='${SHELL} /Users/Chazu/opp/piumarta/idst/object/gc-7.0/libatomic_ops/missing --run autoconf'
AUTOHEADER='${SHELL} /Users/Chazu/opp/piumarta/idst/object/gc-7.0/libatomic_ops/missing --run autoheader'
AUTOMAKE='${SHELL} /Users/Chazu/opp/piumarta/idst/object/gc-7.0/libatomic_ops/missing --run automake-1.9'
AWK='awk'
CC='gcc'
CCAS='gcc'
CCASFLAGS='-arch i486'
CCDEPMODE='depmode=gcc3'
CFLAGS='-arch i486 -DNDEBUG'
CPP='gcc -E'
CPPFLAGS=''
CYGPATH_W='echo'
DEFS='-DHAVE_CONFIG_H'
DEPDIR='.deps'
ECHO_C='ECHO_N=''
ECHO_T=''
EGREP='grep -E'
EXEEXT=''
INSTALL_DATA='${INSTALL} -m 644'
INSTALL_PROGRAM='${INSTALL}'
INSTALL_SCRIPT='${INSTALL}'
INSTALL_STRIP_PROGRAM='${SHELL} $(install_sh) -c -s'
LDFLAGS=''
LIBOBJS=''
LIBS=''
LTLIBOBJS=''
MAKEINFO='${SHELL} /Users/Chazu/opp/piumarta/idst/object/gc-7.0/libatomic_ops/missing --run makeinfo'
NEED_ASM_FALSE=''
NEED_ASM_TRUE='#'
OBJEXT='o'
PACKAGE='libatomic_ops'
PACKAGE_BUGREPORT=''
PACKAGE_NAME='libatomic_ops'
PACKAGE_STRING='libatomic_ops 1.2'
PACKAGE_TARNAME='libatomic_ops'
PACKAGE_VERSION='1.2'
PATH_SEPARATOR=':'
PICFLAG='-fPIC'
RANLIB='ranlib'
SET_MAKE=''
SHELL='/bin/sh'
STRIP=''
VERSION='1.2'
ac_ct_CC='gcc'
ac_ct_RANLIB='ranlib'
ac_ct_STRIP=''
am__fastdepCC_FALSE='#'
am__fastdepCC_TRUE=''
am__include='include'
am__leading_dot='.'
am__quote=''
am__tar='${AMTAR} chof - "$$tardir"'
am__untar='${AMTAR} xf -'
bindir='${exec_prefix}/bin'
build='i386-apple-darwin16.6.0'
build_alias=''
build_cpu='i386'
build_os='darwin16.6.0'
build_vendor='apple'
datadir='${prefix}/share'
exec_prefix='${prefix}'
host='i386-apple-darwin16.6.0'
host_alias=''
host_cpu='i386'
host_os='darwin16.6.0'
host_vendor='apple'
includedir='${prefix}/include'
infodir='${prefix}/info'
install_sh='/Users/Chazu/opp/piumarta/idst/object/gc-7.0/libatomic_ops/install-sh'
libdir='${exec_prefix}/lib'
libexecdir='${exec_prefix}/libexec'
localstatedir='${prefix}/var'
mandir='${prefix}/man'
mkdir_p='$(mkinstalldirs)'
oldincludedir='/usr/include'
prefix='/usr/local'
program_transform_name='s,x,x,'
sbindir='${exec_prefix}/sbin'
sharedstatedir='${prefix}/com'
sysconfdir='${prefix}/etc'
target='i386-apple-darwin16.6.0'
target_alias=''
target_cpu='i386'
target_os='darwin16.6.0'
target_vendor='apple'

## ----------- ##
## confdefs.h. ##
## ----------- ##

#define HAVE_GETPAGESIZE 1
#define HAVE_INTTYPES_H 1
#define HAVE_MEMORY_H 1
#define HAVE_MMAP 1
#define HAVE_STDINT_H 1
#define HAVE_STDLIB_H 1
#define HAVE_STDLIB_H 1
#define HAVE_STRINGS_H 1
#define HAVE_STRING_H 1
#define HAVE_SYS_STAT_H 1
#define HAVE_SYS_TYPES_H 1
#define HAVE_UNISTD_H 1
#define HAVE_UNISTD_H 1
#define PACKAGE "libatomic_ops"
#define PACKAGE_BUGREPORT ""
#define PACKAGE_NAME "libatomic_ops"
#define PACKAGE_STRING "libatomic_ops 1.2"
#define PACKAGE_TARNAME "libatomic_ops"
#define PACKAGE_VERSION "1.2"
#define STDC_HEADERS 1
#define STDC_HEADERS 1
#define VERSION "1.2"

configure: exit 0
